<?xml version="1.0" encoding="UTF-8"?>
<!-- Generated by org.testng.reporters.JUnitReportReporter -->
<testsuite skipped="0" hostname="LAPTOP-536DDDD7" name="TestNG.TestNG" tests="2" failures="0" timestamp="2021-05-13T06:12:04 CDT" time="30.112" errors="0">
  <testcase name="input" time="10.288" classname="TestNG.TestNG"/>
  <system-out/>
  <testcase name="addCustomerTest" time="19.824" classname="TestNG.TestNG"/>
  <system-out/>
</testsuite> <!-- TestNG.TestNG -->
